2019-10-25 08:30:48,760 INFO PERFORMANCE:|4|0|-1|-1

2019-10-25 08:35:48,782 INFO PERFORMANCE:|4|0|-1|-1

2019-10-25 08:40:48,794 INFO PERFORMANCE:|4|0|-1|-1

2019-10-25 08:45:48,802 INFO PERFORMANCE:|4|0|-1|-1

2019-10-25 08:50:48,811 INFO PERFORMANCE:|4|0|-1|-1

2019-10-25 08:55:48,818 INFO PERFORMANCE:|4|0|-1|-1

2019-10-25 09:00:48,823 INFO PERFORMANCE:|4|0|-1|-1

2019-10-25 09:05:48,833 INFO PERFORMANCE:|4|0|-1|-1

2019-10-25 09:10:48,844 INFO PERFORMANCE:|4|0|-1|-1

2019-10-25 09:15:48,856 INFO PERFORMANCE:|4|0|-1|-1

2019-10-25 09:20:48,870 INFO PERFORMANCE:|4|0|-1|-1

2019-10-25 09:25:48,879 INFO PERFORMANCE:|4|0|-1|-1

2019-10-25 09:30:48,894 INFO PERFORMANCE:|4|0|-1|-1

2019-10-25 09:35:48,898 INFO PERFORMANCE:|4|0|-1|-1

2019-10-25 09:40:48,906 INFO PERFORMANCE:|4|0|-1|-1

2019-10-25 09:45:48,916 INFO PERFORMANCE:|4|0|-1|-1

2019-10-25 09:50:48,926 INFO PERFORMANCE:|4|0|-1|-1

2019-10-25 09:55:48,938 INFO PERFORMANCE:|4|0|-1|-1

2019-10-25 10:00:48,948 INFO PERFORMANCE:|4|0|-1|-1

2019-10-25 10:05:48,956 INFO PERFORMANCE:|4|0|-1|-1

2019-10-25 10:10:48,964 INFO PERFORMANCE:|4|0|-1|-1

2019-10-25 10:15:48,979 INFO PERFORMANCE:|4|0|-1|-1

2019-10-25 10:20:48,988 INFO PERFORMANCE:|4|0|-1|-1

2019-10-25 10:25:48,997 INFO PERFORMANCE:|4|0|-1|-1

2019-10-25 10:30:49,006 INFO PERFORMANCE:|4|0|-1|-1

2019-10-25 10:35:49,012 INFO PERFORMANCE:|4|0|-1|-1

2019-10-25 10:40:49,024 INFO PERFORMANCE:|4|0|-1|-1

2019-10-25 10:45:49,032 INFO PERFORMANCE:|4|0|-1|-1

2019-10-25 10:50:49,039 INFO PERFORMANCE:|4|0|-1|-1

2019-10-25 10:55:49,048 INFO PERFORMANCE:|4|0|-1|-1

2019-10-25 11:00:49,062 INFO PERFORMANCE:|4|0|-1|-1

2019-10-25 11:05:49,070 INFO PERFORMANCE:|4|0|-1|-1

2019-10-25 11:10:49,081 INFO PERFORMANCE:|4|0|-1|-1

2019-10-25 11:15:49,810 INFO PERFORMANCE:|4|0|-1|-1

2019-10-25 11:20:49,819 INFO PERFORMANCE:|4|0|-1|-1

2019-10-25 11:25:49,827 INFO PERFORMANCE:|4|0|-1|-1

2019-10-25 11:30:49,839 INFO PERFORMANCE:|4|0|-1|-1

2019-10-25 11:35:49,847 INFO PERFORMANCE:|4|0|-1|-1

2019-10-25 11:40:49,860 INFO PERFORMANCE:|4|0|-1|-1

2019-10-25 11:45:49,867 INFO PERFORMANCE:|4|0|-1|-1

2019-10-25 11:50:49,890 INFO PERFORMANCE:|4|0|-1|-1

2019-10-25 11:55:49,900 INFO PERFORMANCE:|4|0|-1|-1

2019-10-25 12:00:49,905 INFO PERFORMANCE:|4|0|-1|-1

2019-10-25 12:05:49,919 INFO PERFORMANCE:|4|0|-1|-1

2019-10-25 12:10:49,934 INFO PERFORMANCE:|4|0|-1|-1

2019-10-25 12:15:49,948 INFO PERFORMANCE:|4|0|-1|-1

2019-10-25 12:20:49,953 INFO PERFORMANCE:|4|0|-1|-1

2019-10-25 12:25:49,956 INFO PERFORMANCE:|4|0|-1|-1

2019-10-25 12:30:49,964 INFO PERFORMANCE:|4|0|-1|-1

2019-10-25 12:35:49,974 INFO PERFORMANCE:|4|0|-1|-1

2019-10-25 12:40:49,987 INFO PERFORMANCE:|4|0|-1|-1

2019-10-25 12:45:49,990 INFO PERFORMANCE:|4|0|-1|-1

2019-10-25 12:50:50,003 INFO PERFORMANCE:|4|0|-1|-1

2019-10-25 12:55:50,010 INFO PERFORMANCE:|4|0|-1|-1

2019-10-25 13:00:50,018 INFO PERFORMANCE:|4|0|-1|-1

2019-10-25 13:05:50,031 INFO PERFORMANCE:|4|0|-1|-1

2019-10-25 13:10:50,045 INFO PERFORMANCE:|4|0|-1|-1

2019-10-25 13:15:50,054 INFO PERFORMANCE:|4|0|-1|-1

2019-10-25 13:20:50,062 INFO PERFORMANCE:|4|0|-1|-1

2019-10-25 13:25:50,071 INFO PERFORMANCE:|4|0|-1|-1

2019-10-25 13:30:50,084 INFO PERFORMANCE:|4|0|-1|-1

2019-10-25 13:35:50,095 INFO PERFORMANCE:|4|0|-1|-1

2019-10-25 13:40:50,108 INFO PERFORMANCE:|4|0|-1|-1

2019-10-25 13:45:50,120 INFO PERFORMANCE:|4|0|-1|-1

2019-10-25 13:50:50,132 INFO PERFORMANCE:|4|0|-1|-1

2019-10-25 13:55:50,146 INFO PERFORMANCE:|4|0|-1|-1

2019-10-25 14:00:50,151 INFO PERFORMANCE:|4|0|-1|-1

2019-10-25 14:05:50,161 INFO PERFORMANCE:|4|0|-1|-1

